{"C:\\spfx\\spfx-testing-v.1.9.1\\src\\webparts\\testingSample\\components\\SampleContent.tsx": {"path":"C:\\spfx\\spfx-testing-v.1.9.1\\src\\webparts\\testingSample\\components\\SampleContent.tsx","statementMap":{"0":{"start":{"line":1,"column":0},"end":{"line":1,"column":30}},"1":{"start":{"line":2,"column":0},"end":{"line":2,"column":48}},"2":{"start":{"line":3,"column":0},"end":{"line":3,"column":65}},"3":{"start":{"line":14,"column":0},"end":{"line":14,"column":58}},"4":{"start":{"line":14,"column":43},"end":{"line":14,"column":100}},"5":{"start":{"line":17,"column":4},"end":{"line":17,"column":16}},"6":{"start":{"line":38,"column":9},"end":{"line":43,"column":3}},"7":{"start":{"line":39,"column":31},"end":{"line":39,"column":53}},"8":{"start":{"line":40,"column":4},"end":{"line":42,"column":7}},"9":{"start":{"line":19,"column":4},"end":{"line":21,"column":6}},"10":{"start":{"line":24,"column":9},"end":{"line":25,"column":3}},"11":{"start":{"line":27,"column":9},"end":{"line":36,"column":3}},"12":{"start":{"line":28,"column":4},"end":{"line":35,"column":6}},"13":{"start":{"line":44,"column":0},"end":{"line":44,"column":1}}},"fnMap":{"0":{"name":"(anonymous_5)","decl":{"start":{"line":14,"column":0},"end":{"line":null,"column":-1}},"loc":{"start":{"line":14,"column":0},"end":{"line":14,"column":-1}}},"1":{"name":"SampleContent","decl":{"start":{"line":16,"column":2},"end":{"line":16,"column":13}},"loc":{"start":{"line":16,"column":40},"end":{"line":22,"column":3}}},"2":{"name":"(anonymous_7)","decl":{"start":{"line":38,"column":23},"end":{"line":null,"column":-1}},"loc":{"start":{"line":38,"column":23},"end":{"line":43,"column":3}}},"3":{"name":"(anonymous_8)","decl":{"start":{"line":24,"column":2},"end":{"line":null,"column":-1}},"loc":{"start":{"line":24,"column":2},"end":{"line":25,"column":3}}},"4":{"name":"(anonymous_9)","decl":{"start":{"line":27,"column":2},"end":{"line":null,"column":-1}},"loc":{"start":{"line":27,"column":2},"end":{"line":36,"column":3}}}},"branchMap":{"0":{"loc":{"start":{"line":17,"column":4},"end":{"line":17,"column":16}},"type":"binary-expr","locations":[{"start":{"line":17,"column":4},"end":{"line":17,"column":16}},{"start":{"line":17,"column":16},"end":{"line":22,"column":2}}]},"1":{"loc":{"start":{"line":31,"column":32},"end":{"line":31,"column":105}},"type":"cond-expr","locations":[{"start":{"line":31,"column":32},"end":{"line":31,"column":105}},{"start":{"line":31,"column":108},"end":{"line":31,"column":112}}]}},"s":{"0":2,"1":2,"2":2,"3":2,"4":2,"5":10,"6":10,"7":1,"8":1,"9":10,"10":2,"11":2,"12":11,"13":2},"f":{"0":2,"1":10,"2":1,"3":10,"4":11},"b":{"0":[10,10],"1":[11,0]}}
,"C:\\spfx\\spfx-testing-v.1.9.1\\src\\webparts\\testingSample\\components\\TestingSample.tsx": {"path":"C:\\spfx\\spfx-testing-v.1.9.1\\src\\webparts\\testingSample\\components\\TestingSample.tsx","statementMap":{"0":{"start":{"line":1,"column":0},"end":{"line":1,"column":30}},"1":{"start":{"line":2,"column":0},"end":{"line":2,"column":48}},"2":{"start":{"line":4,"column":0},"end":{"line":4,"column":43}},"3":{"start":{"line":7,"column":0},"end":{"line":7,"column":58}},"4":{"start":{"line":7,"column":43},"end":{"line":7,"column":83}},"5":{"start":{"line":9,"column":9},"end":{"line":10,"column":3}},"6":{"start":{"line":12,"column":9},"end":{"line":18,"column":3}},"7":{"start":{"line":13,"column":4},"end":{"line":17,"column":6}},"8":{"start":{"line":19,"column":0},"end":{"line":19,"column":1}}},"fnMap":{"0":{"name":"(anonymous_5)","decl":{"start":{"line":7,"column":0},"end":{"line":null,"column":-1}},"loc":{"start":{"line":7,"column":0},"end":{"line":7,"column":-1}}},"1":{"name":"(anonymous_7)","decl":{"start":{"line":9,"column":2},"end":{"line":null,"column":-1}},"loc":{"start":{"line":9,"column":2},"end":{"line":10,"column":3}}},"2":{"name":"(anonymous_8)","decl":{"start":{"line":12,"column":2},"end":{"line":null,"column":-1}},"loc":{"start":{"line":12,"column":2},"end":{"line":18,"column":3}}}},"branchMap":{},"s":{"0":1,"1":1,"2":1,"3":1,"4":1,"5":1,"6":1,"7":3,"8":1},"f":{"0":4,"1":3,"2":3},"b":{}}
}
