TN:
SF:C:\spfx\spfx-testing-v.1.9.1\src\webparts\testingSample\components\SampleContent.tsx
FN:14,(anonymous_5)
FN:16,SampleContent
FN:38,(anonymous_7)
FN:24,(anonymous_8)
FN:27,(anonymous_9)
FNF:5
FNH:5
FNDA:2,(anonymous_5)
FNDA:10,SampleContent
FNDA:1,(anonymous_7)
FNDA:10,(anonymous_8)
FNDA:11,(anonymous_9)
DA:1,2
DA:2,2
DA:3,2
DA:14,2
DA:17,10
DA:19,10
DA:24,2
DA:27,2
DA:28,11
DA:38,10
DA:39,1
DA:40,1
DA:44,2
LF:13
LH:13
BRDA:17,0,0,10
BRDA:17,0,1,10
BRDA:31,1,0,11
BRDA:31,1,1,0
BRF:4
BRH:3
end_of_record
TN:
SF:C:\spfx\spfx-testing-v.1.9.1\src\webparts\testingSample\components\TestingSample.tsx
FN:7,(anonymous_5)
FN:9,(anonymous_7)
FN:12,(anonymous_8)
FNF:3
FNH:3
FNDA:4,(anonymous_5)
FNDA:3,(anonymous_7)
FNDA:3,(anonymous_8)
DA:1,1
DA:2,1
DA:4,1
DA:7,1
DA:9,1
DA:12,1
DA:13,3
DA:19,1
LF:8
LH:8
BRF:0
BRH:0
end_of_record
