<?xml version="1.0" ?>
<!DOCTYPE coverage SYSTEM "http://cobertura.sourceforge.net/xml/coverage-04.dtd">
<coverage lines-valid="21" lines-covered="21" line-rate="1" branches-valid="4" branches-covered="3" branch-rate="0.75" timestamp="1611164724281" complexity="0" version="0.1">
  <sources>
    <source>C:\temp\spfx-testing-v.1.11.0</source>
  </sources>
  <packages>
    <class name="SampleContent.tsx" filename="src\webparts\testingSample\components\SampleContent.tsx" line-rate="1" branch-rate="0.75">
      <methods>
        <method name="(anonymous_5)" hits="2" signature="()V">
          <lines>
            <line number="14" hits="2"/>
          </lines>
        </method>
        <method name="SampleContent" hits="10" signature="()V">
          <lines>
            <line number="16" hits="10"/>
          </lines>
        </method>
        <method name="(anonymous_7)" hits="1" signature="()V">
          <lines>
            <line number="38" hits="1"/>
          </lines>
        </method>
        <method name="(anonymous_8)" hits="10" signature="()V">
          <lines>
            <line number="24" hits="10"/>
          </lines>
        </method>
        <method name="(anonymous_9)" hits="11" signature="()V">
          <lines>
            <line number="27" hits="11"/>
          </lines>
        </method>
      </methods>
      <lines>
        <line number="1" hits="2" branch="false"/>
        <line number="2" hits="2" branch="false"/>
        <line number="3" hits="2" branch="false"/>
        <line number="14" hits="2" branch="false"/>
        <line number="17" hits="10" branch="true" condition-coverage="100% (2/2)"/>
        <line number="19" hits="10" branch="false"/>
        <line number="24" hits="2" branch="false"/>
        <line number="27" hits="2" branch="false"/>
        <line number="28" hits="11" branch="false"/>
        <line number="38" hits="10" branch="false"/>
        <line number="39" hits="1" branch="false"/>
        <line number="40" hits="1" branch="false"/>
        <line number="44" hits="2" branch="false"/>
      </lines>
    </class>
    <class name="TestingSample.tsx" filename="src\webparts\testingSample\components\TestingSample.tsx" line-rate="1" branch-rate="1">
      <methods>
        <method name="(anonymous_5)" hits="4" signature="()V">
          <lines>
            <line number="7" hits="4"/>
          </lines>
        </method>
        <method name="(anonymous_7)" hits="3" signature="()V">
          <lines>
            <line number="9" hits="3"/>
          </lines>
        </method>
        <method name="(anonymous_8)" hits="3" signature="()V">
          <lines>
            <line number="12" hits="3"/>
          </lines>
        </method>
      </methods>
      <lines>
        <line number="1" hits="1" branch="false"/>
        <line number="2" hits="1" branch="false"/>
        <line number="4" hits="1" branch="false"/>
        <line number="7" hits="1" branch="false"/>
        <line number="9" hits="1" branch="false"/>
        <line number="12" hits="1" branch="false"/>
        <line number="13" hits="3" branch="false"/>
        <line number="19" hits="1" branch="false"/>
      </lines>
    </class>
  </packages>
</coverage>
